<?xml version="1.0" encoding="UTF-8"?>
<testsuite xmlns:xsi="http://www.w3.org/2001/XMLSchema-instance" xsi:noNamespaceSchemaLocation="https://maven.apache.org/surefire/maven-surefire-plugin/xsd/surefire-test-report-3.0.xsd" version="3.0" name="com.lecture5.EmployeeCRUD.EmployeeCrudApplicationTests" time="52.761" tests="1" errors="0" skipped="0" failures="0">
  <properties>
[...]
</properties>
  <testcase name="contextLoads" classname="com.lecture5.EmployeeCRUD.EmployeeCrudApplicationTests" time="5.576">
    <system-out><![CDATA[23:21:44.967 [main] INFO org.springframework.test.context.support.AnnotationConfigContextLoaderUtils -- Could not detect default configuration classes for test class [com.lecture5.EmployeeCRUD.EmployeeCrudApplicationTests]: EmployeeCrudApplicationTests does not declare any static, non-private, non-final, nested classes annotated with @Configuration.
23:21:46.169 [main] INFO org.springframework.boot.test.context.SpringBootTestContextBootstrapper -- Found @SpringBootConfiguration com.lecture5.EmployeeCRUD.EmployeeCrudApplication for test class com.lecture5.EmployeeCRUD.EmployeeCrudApplicationTests

  .   ____          _            __ _ _
 /\\ / ___'_ __ _ _(_)_ __  __ _ \ \ \ \
( ( )\___ | '_ | '_| | '_ \/ _` | \ \ \ \
 \\/  ___)| |_)| | | | | || (_| |  ) ) ) )
  '  |____| .__|_| |_|_| |_\__, | / / / /
 =========|_|==============|___/=/_/_/_/

 :: Spring Boot ::                (v3.3.1)

2024-06-24T23:21:50.634+07:00  INFO 56132 --- [EmployeeCRUD] [           main] c.l.E.EmployeeCrudApplicationTests       : Starting EmployeeCrudApplicationTests using Java 21.0.2 with PID 56132 (started by Asus in C:\GitHub\java-manuella\Week 03\Lecture 01\Assignment 02)
2024-06-24T23:21:50.643+07:00  INFO 56132 --- [EmployeeCRUD] [           main] c.l.E.EmployeeCrudApplicationTests       : No active profile set, falling back to 1 default profile: "default"
2024-06-24T23:21:56.559+07:00  INFO 56132 --- [EmployeeCRUD] [           main] .s.d.r.c.RepositoryConfigurationDelegate : Bootstrapping Spring Data JPA repositories in DEFAULT mode.
2024-06-24T23:21:57.011+07:00  INFO 56132 --- [EmployeeCRUD] [           main] .s.d.r.c.RepositoryConfigurationDelegate : Finished Spring Data repository scanning in 385 ms. Found 1 JPA repository interface.
2024-06-24T23:22:02.172+07:00  INFO 56132 --- [EmployeeCRUD] [           main] o.hibernate.jpa.internal.util.LogHelper  : HHH000204: Processing PersistenceUnitInfo [name: default]
2024-06-24T23:22:02.956+07:00  INFO 56132 --- [EmployeeCRUD] [           main] org.hibernate.Version                    : HHH000412: Hibernate ORM core version 6.5.2.Final
2024-06-24T23:22:03.430+07:00  INFO 56132 --- [EmployeeCRUD] [           main] o.h.c.internal.RegionFactoryInitiator    : HHH000026: Second-level cache disabled
2024-06-24T23:22:07.130+07:00  INFO 56132 --- [EmployeeCRUD] [           main] o.s.o.j.p.SpringPersistenceUnitInfo      : No LoadTimeWeaver setup: ignoring JPA class transformer
2024-06-24T23:22:07.506+07:00  INFO 56132 --- [EmployeeCRUD] [           main] com.zaxxer.hikari.HikariDataSource       : HikariPool-1 - Starting...
2024-06-24T23:22:09.451+07:00  INFO 56132 --- [EmployeeCRUD] [           main] com.zaxxer.hikari.pool.HikariPool        : HikariPool-1 - Added connection org.postgresql.jdbc.PgConnection@72eed547
2024-06-24T23:22:09.469+07:00  INFO 56132 --- [EmployeeCRUD] [           main] com.zaxxer.hikari.HikariDataSource       : HikariPool-1 - Start completed.
2024-06-24T23:22:09.866+07:00  WARN 56132 --- [EmployeeCRUD] [           main] org.hibernate.orm.deprecation            : HHH90000025: PostgreSQLDialect does not need to be specified explicitly using 'hibernate.dialect' (remove the property setting and it will be selected by default)
2024-06-24T23:22:18.708+07:00  INFO 56132 --- [EmployeeCRUD] [           main] o.h.e.t.j.p.i.JtaPlatformInitiator       : HHH000489: No JTA platform available (set 'hibernate.transaction.jta.platform' to enable JTA platform integration)
2024-06-24T23:22:19.105+07:00  INFO 56132 --- [EmployeeCRUD] [           main] j.LocalContainerEntityManagerFactoryBean : Initialized JPA EntityManagerFactory for persistence unit 'default'
2024-06-24T23:22:24.274+07:00  WARN 56132 --- [EmployeeCRUD] [           main] JpaBaseConfiguration$JpaWebConfiguration : spring.jpa.open-in-view is enabled by default. Therefore, database queries may be performed during view rendering. Explicitly configure spring.jpa.open-in-view to disable this warning
2024-06-24T23:22:30.275+07:00  INFO 56132 --- [EmployeeCRUD] [           main] c.l.E.EmployeeCrudApplicationTests       : Started EmployeeCrudApplicationTests in 42.718 seconds (process running for 54.175)
]]></system-out>
    <system-err><![CDATA[WARNING: A Java agent has been loaded dynamically (C:\Users\Asus\.m2\repository\net\bytebuddy\byte-buddy-agent\1.14.17\byte-buddy-agent-1.14.17.jar)
WARNING: If a serviceability tool is in use, please run with -XX:+EnableDynamicAgentLoading to hide this warning
WARNING: If a serviceability tool is not in use, please run with -Djdk.instrument.traceUsage for more information
WARNING: Dynamic loading of agents will be disallowed by default in a future release
]]></system-err>
  </testcase>
</testsuite>